F:\assembly\mini database\Debug\Min_database.obj
F:\assembly\mini database\Debug\AddTwo.obj
F:\assembly\mini database\Debug\link-cvtres.read.1.tlog
F:\assembly\mini database\Debug\link-cvtres.write.1.tlog
F:\assembly\mini database\Debug\link-DW20-dwwin.read.2.tlog
F:\assembly\mini database\Debug\link-DW20-dwwin.read.7.tlog
F:\assembly\mini database\Debug\link-DW20-dwwin.write.2.tlog
F:\assembly\mini database\Debug\link-DW20.read.1.tlog
F:\assembly\mini database\Debug\link-rc.read.1.tlog
F:\assembly\mini database\Debug\link-rc.write.1.tlog
F:\assembly\mini database\Debug\link.3744-cvtres.read.1.tlog
F:\assembly\mini database\Debug\link.3744-cvtres.write.1.tlog
F:\assembly\mini database\Debug\link.3744-rc.read.1.tlog
F:\assembly\mini database\Debug\link.3744-rc.write.1.tlog
F:\assembly\mini database\Debug\link.3744.read.1.tlog
F:\assembly\mini database\Debug\link.3744.write.1.tlog
F:\assembly\mini database\Debug\link.5368-cvtres.read.1.tlog
F:\assembly\mini database\Debug\link.5368-cvtres.write.1.tlog
F:\assembly\mini database\Debug\link.5368-rc.read.1.tlog
F:\assembly\mini database\Debug\link.5368-rc.write.1.tlog
F:\assembly\mini database\Debug\link.5368.read.1.tlog
F:\assembly\mini database\Debug\link.5368.write.1.tlog
F:\assembly\mini database\Debug\link.command.1.tlog
F:\assembly\mini database\Debug\link.read.1.tlog
F:\assembly\mini database\Debug\link.write.1.tlog
F:\assembly\mini database\Debug\Project.write.1.tlog
F:\assembly\mini database\Debug\Project.pdb
